<?xml version="1.0" encoding="UTF-8"?>
<!-- Generated by org.testng.reporters.JUnitReportReporter -->
<testsuite hostname="DESKTOP-2KLPDBI" failures="0" tests="1" name="cucumber.TestNGTestRunner" time="18.149" errors="0" timestamp="2024-08-16T14:01:43 IST" skipped="0">
  <testcase classname="cucumber.TestNGTestRunner" name="runScenario" time="18.149"/>
</testsuite> <!-- cucumber.TestNGTestRunner -->
